<!DOCTYPE html>
<meta name="viewport" content="width=device-width,initial-scale=1">
<meta name="robots" content="noindex,follow,noarchive">

<title>k-nucleotide TypeScript&nbsp;#3 program | Q6600 Benchmarks Game </title>
<link href="./program.css" rel = "stylesheet" type = "text/css" >
<link rel="shortcut icon" href="./favicon.ico">
<header>
  <h3><a href="https://benchmarksgame-team.pages.debian.net/benchmarksgame/">The&nbsp;<small>Computer&nbsp;Language</small><br>Benchmarks&nbsp;Game</a></h3>
</header>
<article>
  <div>
    <h1>k-nucleotide TypeScript&nbsp;#3 program</h1>
    <aside>
      <p><a href="../description/knucleotide.html#knucleotide">description</a>
    </aside>
  </div>
  <section>
    <div>
      <h2 id="log">notes, command-line, and program output</h2>
    </div>
    <pre>
NOTES:
64-bit Ubuntu quad core
Version 3.9.2
node.js v14.2.0


Wed, 13 May 2020 17:30:08 GMT

MAKE:
mv knucleotide.typescript-3.typescript knucleotide.typescript-3.ts
/opt/src/node-v14.2.0-linux-x64/bin/tsc --strict --noEmitOnError --removeComments  knucleotide.typescript-3.ts
knucleotide.typescript-3.ts(11,9): error TS2451: Cannot redeclare block-scoped variable 'Worker'.
knucleotide.typescript-3.ts(13,18): error TS7006: Parameter 'num' implicitly has an 'any' type.
knucleotide.typescript-3.ts(13,25): error TS2683: 'this' implicitly has type 'any' because it does not have a type annotation.
knucleotide.typescript-3.ts(16,22): error TS7006: Parameter 'seq' implicitly has an 'any' type.
knucleotide.typescript-3.ts(16,27): error TS7006: Parameter 'start' implicitly has an 'any' type.
knucleotide.typescript-3.ts(16,34): error TS7006: Parameter 'end' implicitly has an 'any' type.
knucleotide.typescript-3.ts(24,27): error TS7006: Parameter 'value' implicitly has an 'any' type.
knucleotide.typescript-3.ts(24,34): error TS7006: Parameter 'length' implicitly has an 'any' type.
knucleotide.typescript-3.ts(32,23): error TS7006: Parameter 'value' implicitly has an 'any' type.
knucleotide.typescript-3.ts(32,30): error TS7006: Parameter 'length' implicitly has an 'any' type.
knucleotide.typescript-3.ts(42,21): error TS7006: Parameter 'seq' implicitly has an 'any' type.
knucleotide.typescript-3.ts(42,26): error TS7006: Parameter 'length' implicitly has an 'any' type.
knucleotide.typescript-3.ts(51,21): error TS7009: 'new' expression, whose target lacks a construct signature, implicitly has an 'any' type.
knucleotide.typescript-3.ts(60,16): error TS7006: Parameter 'seq' implicitly has an 'any' type.
knucleotide.typescript-3.ts(60,21): error TS7006: Parameter 'length' implicitly has an 'any' type.
knucleotide.typescript-3.ts(77,31): error TS7006: Parameter 'str' implicitly has an 'any' type.
knucleotide.typescript-3.ts(95,16): error TS7006: Parameter 'seq' implicitly has an 'any' type.
knucleotide.typescript-3.ts(95,21): error TS7006: Parameter 'str' implicitly has an 'any' type.
knucleotide.typescript-3.ts(103,7): error TS7034: Variable 'lines' implicitly has type 'any[]' in some locations where its type cannot be determined.
knucleotide.typescript-3.ts(110,7): error TS7034: Variable 'buffers' implicitly has type 'any[]' in some locations where its type cannot be determined.
knucleotide.typescript-3.ts(116,23): error TS7005: Variable 'buffers' implicitly has an 'any[]' type.
knucleotide.typescript-3.ts(117,16): error TS7005: Variable 'buffers' implicitly has an 'any[]' type.
knucleotide.typescript-3.ts(127,36): error TS7006: Parameter 'workerId' implicitly has an 'any' type.
knucleotide.typescript-3.ts(128,22): error TS7006: Parameter 'message' implicitly has an 'any' type.
knucleotide.typescript-3.ts(146,45): error TS2345: Argument of type '{ workerData: { workerId: number; }; }' is not assignable to parameter of type 'WorkerOptions'.
  Object literal may only specify known properties, and 'workerData' does not exist in type 'WorkerOptions'.
knucleotide.typescript-3.ts(147,12): error TS2339: Property 'on' does not exist on type 'Worker'.
knucleotide.typescript-3.ts(151,34): error TS7006: Parameter 'done' implicitly has an 'any' type.
knucleotide.typescript-3.ts(152,17): error TS7005: Variable 'lines' implicitly has an 'any[]' type.
knucleotide.typescript-3.ts(158,33): error TS7006: Parameter 'line' implicitly has an 'any' type.
knucleotide.typescript-3.ts(183,26): error TS7006: Parameter 'arr' implicitly has an 'any' type.
knucleotide.typescript-3.ts(199,29): error TS7006: Parameter 'message' implicitly has an 'any' type.
../../../../../opt/src/node-v14.2.0-linux-x64/lib/node_modules/typescript/lib/lib.dom.d.ts(18599,11): error TS2451: Cannot redeclare block-scoped variable 'Worker'.
../../../../../opt/src/node-v14.2.0-linux-x64/lib/node_modules/typescript/lib/lib.dom.d.ts(18617,13): error TS2451: Cannot redeclare block-scoped variable 'Worker'.
make: [/home/dunham/8000-benchmarksgame/nanobench/makefiles/u64q.programs.Makefile:393: knucleotide.typescript-3.typescript_run] Error 1 (ignored)

6.05s to complete and log all make actions

COMMAND LINE:
/opt/src/node-v14.2.0-linux-x64/bin/node --use_strict  knucleotide.typescript-3.js 0 &lt; knucleotide-input250000.txt

PROGRAM FAILED 


PROGRAM OUTPUT:

internal/modules/cjs/loader.js:1023
  throw err;
  ^

Error: Cannot find module '/home/dunham/benchmarksgame_quadcore/knucleotide/tmp/knucleotide.typescript-3.js'
    at Function.Module._resolveFilename (internal/modules/cjs/loader.js:1020:15)
    at Function.Module._load (internal/modules/cjs/loader.js:890:27)
    at Function.executeUserEntryPoint [as runMain] (internal/modules/run_main.js:71:12)
    at internal/main/run_main_module.js:17:47 {
  code: 'MODULE_NOT_FOUND',
  requireStack: []
}
    </pre>
  </section>
</article>
<footer>
  <nav>
    <ul>
      <li><a href="https://salsa.debian.org/benchmarksgame-team/benchmarksgame/blob/master/CONTRIBUTING.md#contribute-source-code-for-measurement"><span>Contribute your own program</span></a>
      <li><a href="../license.html"><span>3-Clause BSD License</span></a>
    </ul>
  </nav>
</footer>

