<!DOCTYPE html>
<meta name="viewport" content="width=device-width,initial-scale=1">
<meta name="robots" content="noindex,follow,noarchive">

<title>reverse-complement TypeScript&nbsp;#7 program | Q6600 Benchmarks Game </title>
<link href="./program.css" rel = "stylesheet" type = "text/css" >
<link rel="shortcut icon" href="./favicon.ico">
<header>
  <h3><a href="https://benchmarksgame-team.pages.debian.net/benchmarksgame/q6600/">The&nbsp;Q6600<br>Benchmarks&nbsp;Game</a></h3>
</header>
<article>
  <div>
    <h1>reverse-complement TypeScript&nbsp;#7 program</h1>
    <aside>
      <p><a href="../description/revcomp.html#revcomp">description</a>
    </aside>
  </div>
  <section>
    <div>
      <h2 id="log">notes, command-line, and program output</h2>
    </div>
    <pre>
NOTES:
64-bit Ubuntu quad core
Version 3.9.2
node.js v14.2.0


Wed, 13 May 2020 17:36:58 GMT

MAKE:
mv revcomp.typescript-7.typescript revcomp.typescript-7.ts
/opt/src/node-v14.2.0-linux-x64/bin/tsc --strict --noEmitOnError --removeComments  revcomp.typescript-7.ts
revcomp.typescript-7.ts(11,9): error TS2451: Cannot redeclare block-scoped variable 'Worker'.
revcomp.typescript-7.ts(33,9): error TS7034: Variable 'worker' implicitly has type 'any' in some locations where its type cannot be determined.
revcomp.typescript-7.ts(49,20): error TS7023: 'onChunk' implicitly has return type 'any' because it does not have a return type annotation and is referenced directly or indirectly in one of its return expressions.
revcomp.typescript-7.ts(49,28): error TS7006: Parameter 'chunk' implicitly has an 'any' type.
revcomp.typescript-7.ts(77,25): error TS7006: Parameter 'buffer' implicitly has an 'any' type.
revcomp.typescript-7.ts(77,33): error TS7006: Parameter 'from' implicitly has an 'any' type.
revcomp.typescript-7.ts(77,39): error TS7006: Parameter 'to' implicitly has an 'any' type.
revcomp.typescript-7.ts(82,20): error TS7006: Parameter 'buffer' implicitly has an 'any' type.
revcomp.typescript-7.ts(82,28): error TS7006: Parameter 'from' implicitly has an 'any' type.
revcomp.typescript-7.ts(82,34): error TS7006: Parameter 'to' implicitly has an 'any' type.
revcomp.typescript-7.ts(104,15): error TS7005: Variable 'worker' implicitly has an 'any' type.
revcomp.typescript-7.ts(117,26): error TS7006: Parameter 'titleBuf' implicitly has an 'any' type.
revcomp.typescript-7.ts(117,36): error TS7006: Parameter 'titleBufLen' implicitly has an 'any' type.
revcomp.typescript-7.ts(117,49): error TS7006: Parameter 'dataBuf' implicitly has an 'any' type.
revcomp.typescript-7.ts(117,58): error TS7006: Parameter 'dataBufLen' implicitly has an 'any' type.
revcomp.typescript-7.ts(143,24): error TS2339: Property 'on' does not exist on type 'Worker'.
revcomp.typescript-7.ts(165,30): error TS7006: Parameter 'message' implicitly has an 'any' type.
revcomp.typescript-7.ts(170,24): error TS7031: Binding element 'dataArray' implicitly has an 'any' type.
revcomp.typescript-7.ts(170,35): error TS7031: Binding element 'topFrom' implicitly has an 'any' type.
revcomp.typescript-7.ts(170,44): error TS7031: Binding element 'bottomFrom' implicitly has an 'any' type.
revcomp.typescript-7.ts(170,56): error TS7031: Binding element 'topSize' implicitly has an 'any' type.
revcomp.typescript-7.ts(170,65): error TS7031: Binding element 'bottomSize' implicitly has an 'any' type.
../../../../../opt/src/node-v14.2.0-linux-x64/lib/node_modules/typescript/lib/lib.dom.d.ts(18599,11): error TS2451: Cannot redeclare block-scoped variable 'Worker'.
../../../../../opt/src/node-v14.2.0-linux-x64/lib/node_modules/typescript/lib/lib.dom.d.ts(18617,13): error TS2451: Cannot redeclare block-scoped variable 'Worker'.
make: [/home/dunham/8000-benchmarksgame/nanobench/makefiles/u64q.programs.Makefile:393: revcomp.typescript-7.typescript_run] Error 1 (ignored)

5.90s to complete and log all make actions

COMMAND LINE:
/opt/src/node-v14.2.0-linux-x64/bin/node --use_strict  revcomp.typescript-7.js 0 &lt; revcomp-input250000.txt

PROGRAM FAILED 


PROGRAM OUTPUT:

internal/modules/cjs/loader.js:1023
  throw err;
  ^

Error: Cannot find module '/home/dunham/benchmarksgame_quadcore/revcomp/tmp/revcomp.typescript-7.js'
    at Function.Module._resolveFilename (internal/modules/cjs/loader.js:1020:15)
    at Function.Module._load (internal/modules/cjs/loader.js:890:27)
    at Function.executeUserEntryPoint [as runMain] (internal/modules/run_main.js:71:12)
    at internal/main/run_main_module.js:17:47 {
  code: 'MODULE_NOT_FOUND',
  requireStack: []
}
    </pre>
  </section>
</article>
<footer>
  <nav>
    <ul>
      <li><a href="https://salsa.debian.org/benchmarksgame-team/benchmarksgame/blob/master/CONTRIBUTING.md#contribute-source-code-for-measurement"><span>Contribute your own program</span></a>
      <li><a href="../license.html"><span>3-Clause BSD License</span></a>
    </ul>
  </nav>
</footer>

